生成启动时间为 2020/3/7 18:47:53。
     1>项目“D:\wangmingdong\VSProjects\MFCApplication1\MFCApplication1\MFCApplication1.vcxproj”在节点 2 上(Build 个目标)。
     1>ClCompile:
         C:\Program Files (x86)\Microsoft Visual Studio 14.0\VC\bin\CL.exe /c /Zi /nologo /W3 /WX- /sdl /O2 /Oi /Oy- /GL /D WIN32 /D _WINDOWS /D NDEBUG /D _UNICODE /D UNICODE /D _AFXDLL /Gm- /EHsc /MD /GS /Gy /fp:precise /Zc:wchar_t /Zc:forScope /Zc:inline /Yu"stdafx.h" /Fp"Release\MFCApplication1.pch" /Fo"Release\\" /Fd"Release\vc140.pdb" /Gd /TP /analyze- /errorReport:prompt YEJIAN2QIDLG.cpp
         YEJIAN2QIDLG.cpp
       Link:
         C:\Program Files (x86)\Microsoft Visual Studio 14.0\VC\bin\link.exe /ERRORREPORT:PROMPT /OUT:"D:\wangmingdong\VSProjects\MFCApplication1\Release\MFCApplication1.exe" /INCREMENTAL:NO /NOLOGO /MANIFEST /MANIFESTUAC:"level='asInvoker' uiAccess='false'" /manifest:embed /manifestinput:"C:\Program Files (x86)\Microsoft Visual Studio 14.0\VC\Include\Manifest\dpiaware.manifest" /Debug /PDB:"D:\wangmingdong\VSProjects\MFCApplication1\Release\MFCApplication1.pdb" /SUBSYSTEM:WINDOWS /OPT:REF /OPT:ICF /LTCG:incremental /TLBID:1 /ENTRY:"wWinMainCRTStartup" /DYNAMICBASE /NXCOMPAT /IMPLIB:"D:\wangmingdong\VSProjects\MFCApplication1\Release\MFCApplication1.lib" /MACHINE:X86 /SAFESEH Release\MFCApplication1.res
         Release\BasicExcelVC6.obj
         Release\MFCApplication1.obj
         Release\MFCApplication1Dlg.obj
         Release\stdafx.obj
         Release\YEJIAN2QIDLG.obj
         正在生成代码
         2 of 3377 functions ( 0.1%) were compiled, the rest were copied from previous compilation.
           0 functions were new in current compilation
           1 functions had inline decision re-evaluated but remain unchanged
         已完成代码的生成
         MFCApplication1.vcxproj -> D:\wangmingdong\VSProjects\MFCApplication1\Release\MFCApplication1.exe
       PostBuildEvent:
         editbin /SUBSYSTEM:CONSOLE D:\wangmingdong\VSProjects\MFCApplication1\Release\MFCApplication1.exe
         :VCEnd
         Microsoft (R) COFF/PE Editor Version 14.00.23026.0
         Copyright (C) Microsoft Corporation.  All rights reserved.
         
     1>已完成生成项目“D:\wangmingdong\VSProjects\MFCApplication1\MFCApplication1\MFCApplication1.vcxproj”(Build 个目标)的操作。

已成功生成。

已用时间 00:00:03.01
