生成启动时间为 2020/1/5 0:49:48。
     1>项目“D:\wangmingdong\VSProjects\MFCApplication1\MFCApplication1\MFCApplication1.vcxproj”在节点 2 上(ClCompile 个目标)。
     1>ClCompile:
         C:\Program Files (x86)\Microsoft Visual Studio 14.0\VC\bin\CL.exe /c /ZI /nologo /W3 /WX- /sdl /Od /Oy- /D WIN32 /D _WINDOWS /D _DEBUG /D _MBCS /D _AFXDLL /D _SCL_SECURE_NO_WARNINGS /Gm /EHsc /RTC1 /MDd /GS /fp:precise /Zc:wchar_t /Zc:forScope /Zc:inline /Fo"Debug\\" /Fd"Debug\vc140.pdb" /Gd /TP /analyze- /errorReport:prompt BasicExcelVC6.cpp
         BasicExcelVC6.cpp
     1>d:\wangmingdong\vsprojects\mfcapplication1\mfcapplication1\basicexcelvc6.hpp(164): warning C4018: “<”: 有符号/无符号不匹配
     1>d:\wangmingdong\vsprojects\mfcapplication1\mfcapplication1\basicexcelvc6.hpp(165): warning C4018: “<”: 有符号/无符号不匹配
     1>d:\wangmingdong\vsprojects\mfcapplication1\mfcapplication1\basicexcelvc6.hpp(166): warning C4018: “<”: 有符号/无符号不匹配
     1>d:\wangmingdong\vsprojects\mfcapplication1\mfcapplication1\basicexcelvc6.hpp(167): warning C4018: “<”: 有符号/无符号不匹配
     1>d:\wangmingdong\vsprojects\mfcapplication1\mfcapplication1\basicexcelvc6.hpp(168): warning C4018: “<”: 有符号/无符号不匹配
     1>d:\wangmingdong\vsprojects\mfcapplication1\mfcapplication1\basicexcelvc6.hpp(169): warning C4018: “<”: 有符号/无符号不匹配
     1>d:\wangmingdong\vsprojects\mfcapplication1\mfcapplication1\basicexcelvc6.hpp(170): warning C4018: “<”: 有符号/无符号不匹配
     1>d:\wangmingdong\vsprojects\mfcapplication1\mfcapplication1\basicexcelvc6.hpp(171): warning C4018: “<”: 有符号/无符号不匹配
     1>d:\wangmingdong\vsprojects\mfcapplication1\mfcapplication1\basicexcelvc6.hpp(172): warning C4018: “<”: 有符号/无符号不匹配
     1>d:\wangmingdong\vsprojects\mfcapplication1\mfcapplication1\basicexcelvc6.cpp(53): warning C4244: “=”: 从“std::streamoff”转换到“size_t”，可能丢失数据
     1>d:\wangmingdong\vsprojects\mfcapplication1\mfcapplication1\basicexcelvc6.cpp(58): warning C4244: “=”: 从“std::streamoff”转换到“size_t”，可能丢失数据
     1>d:\wangmingdong\vsprojects\mfcapplication1\mfcapplication1\basicexcelvc6.cpp(730): warning C4101: “name_2”: 未引用的局部变量
     1>d:\wangmingdong\vsprojects\mfcapplication1\mfcapplication1\basicexcelvc6.cpp(1091): warning C4018: “>=”: 有符号/无符号不匹配
     1>d:\wangmingdong\vsprojects\mfcapplication1\mfcapplication1\basicexcelvc6.cpp(1103): warning C4018: “>=”: 有符号/无符号不匹配
     1>d:\wangmingdong\vsprojects\mfcapplication1\mfcapplication1\basicexcelvc6.cpp(1115): warning C4018: “>=”: 有符号/无符号不匹配
     1>d:\wangmingdong\vsprojects\mfcapplication1\mfcapplication1\basicexcelvc6.cpp(1128): warning C4018: “>”: 有符号/无符号不匹配
     1>d:\wangmingdong\vsprojects\mfcapplication1\mfcapplication1\basicexcelvc6.cpp(1139): warning C4018: “>=”: 有符号/无符号不匹配
     1>d:\wangmingdong\vsprojects\mfcapplication1\mfcapplication1\basicexcelvc6.cpp(1151): warning C4018: “>=”: 有符号/无符号不匹配
     1>d:\wangmingdong\vsprojects\mfcapplication1\mfcapplication1\basicexcelvc6.cpp(1163): warning C4018: “>=”: 有符号/无符号不匹配
     1>d:\wangmingdong\vsprojects\mfcapplication1\mfcapplication1\basicexcelvc6.cpp(1189): warning C4018: “>”: 有符号/无符号不匹配
     1>d:\wangmingdong\vsprojects\mfcapplication1\mfcapplication1\basicexcelvc6.cpp(1201): warning C4018: “>”: 有符号/无符号不匹配
     1>d:\wangmingdong\vsprojects\mfcapplication1\mfcapplication1\basicexcelvc6.cpp(1213): warning C4018: “>”: 有符号/无符号不匹配
     1>d:\wangmingdong\vsprojects\mfcapplication1\mfcapplication1\basicexcelvc6.cpp(1254): warning C4018: “>”: 有符号/无符号不匹配
     1>d:\wangmingdong\vsprojects\mfcapplication1\mfcapplication1\basicexcelvc6.cpp(1265): warning C4018: “>”: 有符号/无符号不匹配
     1>d:\wangmingdong\vsprojects\mfcapplication1\mfcapplication1\basicexcelvc6.cpp(1277): warning C4018: “>”: 有符号/无符号不匹配
     1>d:\wangmingdong\vsprojects\mfcapplication1\mfcapplication1\basicexcelvc6.cpp(1290): warning C4018: “>”: 有符号/无符号不匹配
     1>d:\wangmingdong\vsprojects\mfcapplication1\mfcapplication1\basicexcelvc6.cpp(1358): warning C4018: “<”: 有符号/无符号不匹配
     1>d:\wangmingdong\vsprojects\mfcapplication1\mfcapplication1\basicexcelvc6.cpp(1370): warning C4018: “<”: 有符号/无符号不匹配
     1>d:\wangmingdong\vsprojects\mfcapplication1\mfcapplication1\basicexcelvc6.cpp(1381): warning C4018: “<”: 有符号/无符号不匹配
     1>d:\wangmingdong\vsprojects\mfcapplication1\mfcapplication1\basicexcelvc6.cpp(1396): warning C4018: “<”: 有符号/无符号不匹配
     1>d:\wangmingdong\vsprojects\mfcapplication1\mfcapplication1\basicexcelvc6.cpp(1406): warning C4018: “<”: 有符号/无符号不匹配
     1>d:\wangmingdong\vsprojects\mfcapplication1\mfcapplication1\basicexcelvc6.cpp(1416): warning C4018: “<”: 有符号/无符号不匹配
     1>d:\wangmingdong\vsprojects\mfcapplication1\mfcapplication1\basicexcelvc6.cpp(1880): warning C4018: “>”: 有符号/无符号不匹配
     1>d:\wangmingdong\vsprojects\mfcapplication1\mfcapplication1\basicexcelvc6.cpp(2015): warning C4267: “=”: 从“size_t”转换到“short”，可能丢失数据
     1>d:\wangmingdong\vsprojects\mfcapplication1\mfcapplication1\basicexcelvc6.cpp(2012): warning C4101: “name_2”: 未引用的局部变量
     1>d:\wangmingdong\vsprojects\mfcapplication1\mfcapplication1\basicexcelvc6.cpp(2275): warning C4018: “>=”: 有符号/无符号不匹配
     1>d:\wangmingdong\vsprojects\mfcapplication1\mfcapplication1\basicexcelvc6.cpp(2282): warning C4018: “>=”: 有符号/无符号不匹配
     1>d:\wangmingdong\vsprojects\mfcapplication1\mfcapplication1\basicexcelvc6.cpp(2289): warning C4018: “>=”: 有符号/无符号不匹配
     1>d:\wangmingdong\vsprojects\mfcapplication1\mfcapplication1\basicexcelvc6.cpp(2312): warning C4018: “>”: 有符号/无符号不匹配
     1>d:\wangmingdong\vsprojects\mfcapplication1\mfcapplication1\basicexcelvc6.cpp(2319): warning C4018: “>”: 有符号/无符号不匹配
     1>d:\wangmingdong\vsprojects\mfcapplication1\mfcapplication1\basicexcelvc6.cpp(2326): warning C4018: “>”: 有符号/无符号不匹配
     1>d:\wangmingdong\vsprojects\mfcapplication1\mfcapplication1\basicexcelvc6.cpp(2995): warning C4309: “初始化”: 截断常量值
     1>d:\wangmingdong\vsprojects\mfcapplication1\mfcapplication1\basicexcelvc6.cpp(3033): warning C4309: “初始化”: 截断常量值
     1>d:\wangmingdong\vsprojects\mfcapplication1\mfcapplication1\basicexcelvc6.cpp(3122): warning C4018: “<”: 有符号/无符号不匹配
     1>d:\wangmingdong\vsprojects\mfcapplication1\mfcapplication1\basicexcelvc6.cpp(3132): warning C4018: “<”: 有符号/无符号不匹配
     1>d:\wangmingdong\vsprojects\mfcapplication1\mfcapplication1\basicexcelvc6.cpp(3182): warning C4018: “<”: 有符号/无符号不匹配
     1>d:\wangmingdong\vsprojects\mfcapplication1\mfcapplication1\basicexcelvc6.cpp(3202): warning C4018: “<”: 有符号/无符号不匹配
     1>d:\wangmingdong\vsprojects\mfcapplication1\mfcapplication1\basicexcelvc6.cpp(4445): warning C4800: “int”: 将值强制为布尔值“true”或“false”(性能警告)
     1>d:\wangmingdong\vsprojects\mfcapplication1\mfcapplication1\basicexcelvc6.cpp(4476): warning C4244: “*=”: 从“double”转换到“int”，可能丢失数据
     1>d:\wangmingdong\vsprojects\mfcapplication1\mfcapplication1\basicexcelvc6.cpp(4490): warning C4244: “初始化”: 从“double”转换到“int”，可能丢失数据
     1>d:\wangmingdong\vsprojects\mfcapplication1\mfcapplication1\basicexcelvc6.cpp(4492): warning C4244: “初始化”: 从“double”转换到“int”，可能丢失数据
     1>d:\wangmingdong\vsprojects\mfcapplication1\mfcapplication1\basicexcelvc6.cpp(4502): warning C4244: “初始化”: 从“__int64”转换到“int”，可能丢失数据
     1>d:\wangmingdong\vsprojects\mfcapplication1\mfcapplication1\basicexcelvc6.cpp(4504): warning C4805: “|=”: 在操作中将类型“int”与类型“bool”混合不安全
     1>d:\wangmingdong\vsprojects\mfcapplication1\mfcapplication1\basicexcelvc6.cpp(4519): warning C4244: “初始化”: 从“double”转换到“int”，可能丢失数据
     1>d:\wangmingdong\vsprojects\mfcapplication1\mfcapplication1\basicexcelvc6.cpp(4521): warning C4244: “初始化”: 从“double”转换到“int”，可能丢失数据
     1>d:\wangmingdong\vsprojects\mfcapplication1\mfcapplication1\basicexcelvc6.cpp(5043): warning C4267: “=”: 从“size_t”转换到“short”，可能丢失数据
     1>d:\wangmingdong\vsprojects\mfcapplication1\mfcapplication1\basicexcelvc6.cpp(5087): warning C4267: “=”: 从“size_t”转换到“short”，可能丢失数据
     1>d:\wangmingdong\vsprojects\mfcapplication1\mfcapplication1\basicexcelvc6.cpp(5090): warning C4018: “<”: 有符号/无符号不匹配
     1>d:\wangmingdong\vsprojects\mfcapplication1\mfcapplication1\basicexcelvc6.cpp(5194): warning C4267: “=”: 从“size_t”转换到“short”，可能丢失数据
     1>d:\wangmingdong\vsprojects\mfcapplication1\mfcapplication1\basicexcelvc6.cpp(5232): warning C4267: “=”: 从“size_t”转换到“short”，可能丢失数据
     1>d:\wangmingdong\vsprojects\mfcapplication1\mfcapplication1\basicexcelvc6.cpp(5240): warning C4267: “=”: 从“size_t”转换到“short”，可能丢失数据
     1>d:\wangmingdong\vsprojects\mfcapplication1\mfcapplication1\basicexcelvc6.cpp(5241): warning C4267: “=”: 从“size_t”转换到“short”，可能丢失数据
     1>d:\wangmingdong\vsprojects\mfcapplication1\mfcapplication1\basicexcelvc6.cpp(5270): warning C4267: “=”: 从“size_t”转换到“short”，可能丢失数据
     1>d:\wangmingdong\vsprojects\mfcapplication1\mfcapplication1\basicexcelvc6.cpp(5271): warning C4267: “=”: 从“size_t”转换到“short”，可能丢失数据
     1>d:\wangmingdong\vsprojects\mfcapplication1\mfcapplication1\basicexcelvc6.cpp(5272): warning C4267: “=”: 从“size_t”转换到“short”，可能丢失数据
     1>d:\wangmingdong\vsprojects\mfcapplication1\mfcapplication1\basicexcelvc6.cpp(5286): warning C4267: “=”: 从“size_t”转换到“short”，可能丢失数据
     1>d:\wangmingdong\vsprojects\mfcapplication1\mfcapplication1\basicexcelvc6.cpp(5287): warning C4267: “=”: 从“size_t”转换到“short”，可能丢失数据
     1>d:\wangmingdong\vsprojects\mfcapplication1\mfcapplication1\basicexcelvc6.cpp(5312): warning C4267: “=”: 从“size_t”转换到“short”，可能丢失数据
     1>d:\wangmingdong\vsprojects\mfcapplication1\mfcapplication1\basicexcelvc6.cpp(5313): warning C4267: “=”: 从“size_t”转换到“short”，可能丢失数据
     1>d:\wangmingdong\vsprojects\mfcapplication1\mfcapplication1\basicexcelvc6.cpp(5314): warning C4267: “=”: 从“size_t”转换到“short”，可能丢失数据
     1>d:\wangmingdong\vsprojects\mfcapplication1\mfcapplication1\basicexcelvc6.cpp(5330): warning C4267: “=”: 从“size_t”转换到“short”，可能丢失数据
     1>d:\wangmingdong\vsprojects\mfcapplication1\mfcapplication1\basicexcelvc6.cpp(5331): warning C4267: “=”: 从“size_t”转换到“short”，可能丢失数据
     1>d:\wangmingdong\vsprojects\mfcapplication1\mfcapplication1\basicexcelvc6.cpp(5337): warning C4267: “=”: 从“size_t”转换到“short”，可能丢失数据
     1>d:\wangmingdong\vsprojects\mfcapplication1\mfcapplication1\basicexcelvc6.cpp(5338): warning C4267: “=”: 从“size_t”转换到“short”，可能丢失数据
     1>d:\wangmingdong\vsprojects\mfcapplication1\mfcapplication1\basicexcelvc6.cpp(5350): warning C4267: “=”: 从“size_t”转换到“short”，可能丢失数据
     1>d:\wangmingdong\vsprojects\mfcapplication1\mfcapplication1\basicexcelvc6.cpp(5351): warning C4267: “=”: 从“size_t”转换到“short”，可能丢失数据
     1>d:\wangmingdong\vsprojects\mfcapplication1\mfcapplication1\basicexcelvc6.cpp(5389): warning C4267: “=”: 从“size_t”转换到“short”，可能丢失数据
     1>d:\wangmingdong\vsprojects\mfcapplication1\mfcapplication1\basicexcelvc6.cpp(5390): warning C4267: “=”: 从“size_t”转换到“short”，可能丢失数据
     1>已完成生成项目“D:\wangmingdong\VSProjects\MFCApplication1\MFCApplication1\MFCApplication1.vcxproj”(ClCompile 个目标)的操作。

已成功生成。

已用时间 00:00:01.66
