d:\wangmingdong\vsprojects\mfcapplication1\mfcapplication1\x64\release\mfcapplication1.pch
d:\wangmingdong\vsprojects\mfcapplication1\mfcapplication1\x64\release\vc140.pdb
d:\wangmingdong\vsprojects\mfcapplication1\mfcapplication1\x64\release\stdafx.obj
d:\wangmingdong\vsprojects\mfcapplication1\mfcapplication1\x64\release\mfcapplication1dlg.obj
d:\wangmingdong\vsprojects\mfcapplication1\mfcapplication1\x64\release\mfcapplication1.obj
d:\wangmingdong\vsprojects\mfcapplication1\mfcapplication1\x64\release\basicexcelvc6.obj
d:\wangmingdong\vsprojects\mfcapplication1\x64\release\mfcapplication1.exe
d:\wangmingdong\vsprojects\mfcapplication1\x64\release\mfcapplication1.ipdb
d:\wangmingdong\vsprojects\mfcapplication1\x64\release\mfcapplication1.iobj
d:\wangmingdong\vsprojects\mfcapplication1\x64\release\mfcapplication1.pdb
d:\wangmingdong\vsprojects\mfcapplication1\mfcapplication1\x64\release\mfcapplication1.res
d:\wangmingdong\vsprojects\mfcapplication1\mfcapplication1\x64\release\mfcapplication1.tlog\cl.command.1.tlog
d:\wangmingdong\vsprojects\mfcapplication1\mfcapplication1\x64\release\mfcapplication1.tlog\cl.read.1.tlog
d:\wangmingdong\vsprojects\mfcapplication1\mfcapplication1\x64\release\mfcapplication1.tlog\cl.write.1.tlog
d:\wangmingdong\vsprojects\mfcapplication1\mfcapplication1\x64\release\mfcapplication1.tlog\link.command.1.tlog
d:\wangmingdong\vsprojects\mfcapplication1\mfcapplication1\x64\release\mfcapplication1.tlog\link.read.1.tlog
d:\wangmingdong\vsprojects\mfcapplication1\mfcapplication1\x64\release\mfcapplication1.tlog\link.write.1.tlog
d:\wangmingdong\vsprojects\mfcapplication1\mfcapplication1\x64\release\mfcapplication1.tlog\rc.command.1.tlog
d:\wangmingdong\vsprojects\mfcapplication1\mfcapplication1\x64\release\mfcapplication1.tlog\rc.read.1.tlog
d:\wangmingdong\vsprojects\mfcapplication1\mfcapplication1\x64\release\mfcapplication1.tlog\rc.write.1.tlog
